* using log directory 'C:/Users/camgu49/Documents/R - working directory for R course 2015/gitfiler/autumn/packagelabthree.Rcheck'
* using R version 3.2.2 (2015-08-14)
* using platform: x86_64-w64-mingw32 (64-bit)
* using session charset: ISO8859-1
* using options '--no-manual --no-build-vignettes'
* checking for file 'packagelabthree/DESCRIPTION' ... OK
* checking extension type ... Package
* this is package 'packagelabthree' version '0.0.0.9000'
* checking package namespace information ... OK
* checking package dependencies ... OK
* checking if this is a source package ... OK
* checking if there is a namespace ... OK
* checking for executable files ... OK
* checking for hidden files and directories ... OK
* checking for portable file names ... OK
* checking whether package 'packagelabthree' can be installed ... WARNING
Found the following significant warnings:
  Warning: C:/Users/camgu49/AppData/Local/Temp/RtmpSuBcux/Rbuild18402b2a4183/packagelabthree/man/packagelabthree-package.Rd:27: All text must be in a section
  Warning: C:/Users/camgu49/AppData/Local/Temp/RtmpSuBcux/Rbuild18402b2a4183/packagelabthree/man/packagelabthree-package.Rd:28: All text must be in a section
See 'C:/Users/camgu49/Documents/R - working directory for R course 2015/gitfiler/autumn/packagelabthree.Rcheck/00install.out' for details.
* checking installed package size ... OK
* checking package directory ... OK
* checking DESCRIPTION meta-information ... WARNING
Non-standard license specification:
  Free
Standardizable: FALSE
* checking top-level files ... NOTE
Non-standard file/directory found at top level:
  'Data'
* checking for left-over files ... OK
* checking index information ... OK
* checking package subdirectories ... OK
* checking R files for non-ASCII characters ... OK
* checking R files for syntax errors ... OK
* checking whether the package can be loaded ... OK
* checking whether the package can be loaded with stated dependencies ... OK
* checking whether the package can be unloaded cleanly ... OK
* checking whether the namespace can be loaded with stated dependencies ... OK
* checking whether the namespace can be unloaded cleanly ... OK
* checking loading without being on the library search path ... OK
* checking use of S3 registration ... OK
* checking dependencies in R code ... OK
* checking S3 generic/method consistency ... OK
* checking replacement functions ... OK
* checking foreign function calls ... OK
* checking R code for possible problems ... OK
* checking Rd files ... WARNING
prepare_Rd: packagelabthree-package.Rd:27: All text must be in a section
prepare_Rd: packagelabthree-package.Rd:28: All text must be in a section
prepare_Rd: wiki_graph.Rd:19-21: Dropping empty section \details
prepare_Rd: wiki_graph.Rd:22-24: Dropping empty section \source
* checking Rd metadata ... OK
* checking Rd line widths ...